 [LOG]  2019-01-02 19:01:38  [31merror[39m: No Access Token Provided
 [LOG]  2019-01-02 19:03:03  [31merror[39m: No Access Token Provided
 [LOG]  2019-01-02 22:12:30  [31merror[39m: Failed to Authenticate token.
 [LOG]  2019-01-02 22:38:55  [31merror[39m: No Access Token Provided
 [LOG]  2019-01-02 22:39:28  [31merror[39m: No Access Token Provided
 [LOG]  2019-01-02 22:40:12  [31merror[39m: No Access Token Provided
 [LOG]  2019-01-02 22:40:20  [31merror[39m: No Access Token Provided
 [LOG]  2019-01-02 22:41:42  [31merror[39m: No Access Token Provided
 [LOG]  2019-01-02 22:46:51  [31merror[39m: Failed to Authenticate token.
 [LOG]  2019-01-02 22:47:18  [31merror[39m: No Access Token Provided
 [LOG]  2019-01-11 15:41:04  [31m[31merror[31m[39m: Failed to Authenticate token.
 [LOG]  2019-01-11 17:07:38  [31m[31merror[31m[39m: No Access Token Provided
 [LOG]  2019-01-11 17:08:04  [31m[31merror[31m[39m: No Access Token Provided
 [LOG]  2019-01-11 17:21:23  [31m[31merror[31m[39m: No Access Token Provided
 [LOG]  2019-01-11 18:25:48  [31m[31merror[31m[39m: No Access Token Provided
 [LOG]  2019-01-11 18:30:37  [31m[31merror[31m[39m: No Access Token Provided
 [LOG]  2019-01-11 18:31:48  [31m[31merror[31m[39m: No Access Token Provided
 [LOG]  2019-01-11 18:48:06  [31m[31merror[31m[39m: No Access Token Provided
 [LOG]  2019-01-11 18:50:58  [31m[31merror[31m[39m: No Access Token Provided
 [LOG]  2019-01-11 18:55:12  [31m[31merror[31m[39m: No Access Token Provided
 [LOG]  2019-01-11 19:02:51  [31m[31merror[31m[39m: No Access Token Provided
 [LOG]  2019-01-11 19:05:48  [31m[31merror[31m[39m: No Access Token Provided
 [LOG]  2019-01-16 14:48:40  [31m[31merror[31m[39m: Failed to Authenticate token.
 [LOG]  2019-01-16 14:55:12  [31m[31merror[31m[39m: No Access Token Provided
 [LOG]  2019-01-17 15:24:16  [31m[31merror[31m[39m: No Access Token Provided
 [LOG]  2019-01-17 15:24:47  [31m[31merror[31m[39m: No Access Token Provided
 [LOG]  2019-01-17 15:25:21  [31m[31merror[31m[39m: No Access Token Provided
 [LOG]  2019-02-12 00:29:49  [31m[31merror[31m[39m: Internal Server Error Found
 [LOG]  2019-02-12 00:29:49  [31m[31merror[31m[39m: Payload Request : {}
 [LOG]  2019-02-12 00:29:49  [31m[31merror[31m[39m: [object Object]
 [LOG]  2019-02-12 00:32:13  [31m[31merror[31m[39m: Internal Server Error Found
 [LOG]  2019-02-12 00:32:13  [31m[31merror[31m[39m: Payload Request : {}
 [LOG]  2019-02-12 00:32:13  [31m[31merror[31m[39m: [object Object]
 [LOG]  2019-02-12 01:03:54  [31m[31merror[31m[39m: Internal Server Error Found
 [LOG]  2019-02-12 01:03:54  [31m[31merror[31m[39m: Payload Request : {}
 [LOG]  2019-02-12 01:03:54  [31m[31merror[31m[39m: [object Object]
 [LOG]  2019-02-12 01:04:30  [31m[31merror[31m[39m: Internal Server Error Found
 [LOG]  2019-02-12 01:04:30  [31m[31merror[31m[39m: Payload Request : {}
 [LOG]  2019-02-12 01:04:30  [31m[31merror[31m[39m: [object Object]
 [LOG]  2019-02-12 01:04:54  [31m[31merror[31m[39m: Internal Server Error Found
 [LOG]  2019-02-12 01:04:54  [31m[31merror[31m[39m: Payload Request : {}
 [LOG]  2019-02-12 01:04:54  [31m[31merror[31m[39m: [object Object]
 [LOG]  2019-02-12 01:09:37  [31m[31merror[31m[39m: Internal Server Error Found
 [LOG]  2019-02-12 01:09:37  [31m[31merror[31m[39m: Payload Request : {}
 [LOG]  2019-02-12 01:09:37  [31m[31merror[31m[39m: [object Object]
 [LOG]  2019-02-12 01:12:51  [31m[31merror[31m[39m: Internal Server Error Found
 [LOG]  2019-02-12 01:12:51  [31m[31merror[31m[39m: Payload Request : {}
 [LOG]  2019-02-12 01:12:51  [31m[31merror[31m[39m: [object Object]
 [LOG]  2019-02-12 01:13:29  [31m[31merror[31m[39m: Internal Server Error Found
 [LOG]  2019-02-12 01:13:29  [31m[31merror[31m[39m: Payload Request : {}
 [LOG]  2019-02-12 01:13:29  [31m[31merror[31m[39m: [object Object]
 [LOG]  2019-02-12 01:13:34  [31m[31merror[31m[39m: Internal Server Error Found
 [LOG]  2019-02-12 01:13:34  [31m[31merror[31m[39m: Payload Request : {}
 [LOG]  2019-02-12 01:13:34  [31m[31merror[31m[39m: [object Object]
 [LOG]  2019-02-12 16:27:52  [31m[31merror[31m[39m: Internal Server Error Found
 [LOG]  2019-02-12 16:27:52  [31m[31merror[31m[39m: Payload Request : {}
 [LOG]  2019-02-12 16:27:52  [31m[31merror[31m[39m: [object Object]
 [LOG]  2019-02-12 16:28:05  [31m[31merror[31m[39m: Request Not Found
 [LOG]  2019-02-12 16:28:05  [31m[31merror[31m[39m: Payload Request : {}
 [LOG]  2019-02-12 16:28:05  [31m[31merror[31m[39m: [object Object]
 [LOG]  2019-02-12 16:28:10  [31m[31merror[31m[39m: Request Not Found
 [LOG]  2019-02-12 16:28:10  [31m[31merror[31m[39m: Payload Request : {}
 [LOG]  2019-02-12 16:28:10  [31m[31merror[31m[39m: [object Object]
 [LOG]  2019-02-12 16:28:12  [31m[31merror[31m[39m: Internal Server Error Found
 [LOG]  2019-02-12 16:28:12  [31m[31merror[31m[39m: Payload Request : {}
 [LOG]  2019-02-12 16:28:12  [31m[31merror[31m[39m: [object Object]
 [LOG]  2019-02-12 16:42:46  [31m[31merror[31m[39m: Internal Server Error Found
 [LOG]  2019-02-12 16:42:46  [31m[31merror[31m[39m: Payload Request : {}
 [LOG]  2019-02-12 16:42:46  [31m[31merror[31m[39m: [object Object]
 [LOG]  2019-02-12 16:43:07  [31m[31merror[31m[39m: Internal Server Error Found
 [LOG]  2019-02-12 16:43:07  [31m[31merror[31m[39m: Payload Request : {}
 [LOG]  2019-02-12 16:43:07  [31m[31merror[31m[39m: [object Object]
 [LOG]  2019-02-12 16:43:23  [31m[31merror[31m[39m: Internal Server Error Found
 [LOG]  2019-02-12 16:43:24  [31m[31merror[31m[39m: Payload Request : {}
 [LOG]  2019-02-12 16:43:24  [31m[31merror[31m[39m: [object Object]
 [LOG]  2019-02-12 16:44:05  [31m[31merror[31m[39m: Internal Server Error Found
 [LOG]  2019-02-12 16:44:05  [31m[31merror[31m[39m: Payload Request : {}
 [LOG]  2019-02-12 16:44:05  [31m[31merror[31m[39m: [object Object]
 [LOG]  2019-02-12 16:44:39  [31m[31merror[31m[39m: Internal Server Error Found
 [LOG]  2019-02-12 16:44:39  [31m[31merror[31m[39m: Payload Request : {}
 [LOG]  2019-02-12 16:44:39  [31m[31merror[31m[39m: [object Object]
 [LOG]  2019-02-12 16:44:58  [31m[31merror[31m[39m: Internal Server Error Found
 [LOG]  2019-02-12 16:44:58  [31m[31merror[31m[39m: Payload Request : {}
 [LOG]  2019-02-12 16:44:58  [31m[31merror[31m[39m: [object Object]
 [LOG]  2019-02-12 16:45:34  [31m[31merror[31m[39m: Internal Server Error Found
 [LOG]  2019-02-12 16:45:34  [31m[31merror[31m[39m: Payload Request : {}
 [LOG]  2019-02-12 16:45:34  [31m[31merror[31m[39m: [object Object]
 [LOG]  2019-02-12 16:57:50  [31m[31merror[31m[39m: Internal Server Error Found
 [LOG]  2019-02-12 16:57:50  [31m[31merror[31m[39m: Payload Request : {}
 [LOG]  2019-02-12 16:57:50  [31m[31merror[31m[39m: [object Object]
 [LOG]  2019-02-12 16:58:19  [31m[31merror[31m[39m: Internal Server Error Found
 [LOG]  2019-02-12 16:58:19  [31m[31merror[31m[39m: Payload Request : {}
 [LOG]  2019-02-12 16:58:19  [31m[31merror[31m[39m: [object Object]
 [LOG]  2019-02-12 17:57:05  [31m[31merror[31m[39m: Internal Server Error Found
 [LOG]  2019-02-12 17:57:05  [31m[31merror[31m[39m: Payload Request : {}
 [LOG]  2019-02-12 17:57:05  [31m[31merror[31m[39m: [object Object]
 [LOG]  2019-02-12 17:57:27  [31m[31merror[31m[39m: Internal Server Error Found
 [LOG]  2019-02-12 17:57:27  [31m[31merror[31m[39m: Payload Request : {}
 [LOG]  2019-02-12 17:57:27  [31m[31merror[31m[39m: [object Object]
 [LOG]  2019-02-12 17:57:55  [31m[31merror[31m[39m: Internal Server Error Found
 [LOG]  2019-02-12 17:57:56  [31m[31merror[31m[39m: Payload Request : {}
 [LOG]  2019-02-12 17:57:56  [31m[31merror[31m[39m: [object Object]
 [LOG]  2019-02-12 17:57:58  [31m[31merror[31m[39m: Internal Server Error Found
 [LOG]  2019-02-12 17:57:58  [31m[31merror[31m[39m: Payload Request : {}
 [LOG]  2019-02-12 17:57:58  [31m[31merror[31m[39m: [object Object]
 [LOG]  2019-02-12 17:58:27  [31m[31merror[31m[39m: Internal Server Error Found
 [LOG]  2019-02-12 17:58:27  [31m[31merror[31m[39m: Payload Request : {}
 [LOG]  2019-02-12 17:58:27  [31m[31merror[31m[39m: [object Object]
 [LOG]  2019-02-12 18:00:42  [31m[31merror[31m[39m: Internal Server Error Found
 [LOG]  2019-02-12 18:00:42  [31m[31merror[31m[39m: Payload Request : {}
 [LOG]  2019-02-12 18:00:42  [31m[31merror[31m[39m: [object Object]
 [LOG]  2019-02-12 18:01:02  [31m[31merror[31m[39m: Internal Server Error Found
 [LOG]  2019-02-12 18:01:02  [31m[31merror[31m[39m: Payload Request : {}
 [LOG]  2019-02-12 18:01:02  [31m[31merror[31m[39m: [object Object]
 [LOG]  2019-02-12 18:02:57  [31m[31merror[31m[39m: Internal Server Error Found
 [LOG]  2019-02-12 18:02:57  [31m[31merror[31m[39m: Payload Request : {}
 [LOG]  2019-02-12 18:02:57  [31m[31merror[31m[39m: [object Object]
 [LOG]  2019-02-12 18:03:27  [31m[31merror[31m[39m: Internal Server Error Found
 [LOG]  2019-02-12 18:03:27  [31m[31merror[31m[39m: Payload Request : {}
 [LOG]  2019-02-12 18:03:27  [31m[31merror[31m[39m: [object Object]
 [LOG]  2019-02-12 18:05:12  [31m[31merror[31m[39m: Internal Server Error Found
 [LOG]  2019-02-12 18:05:12  [31m[31merror[31m[39m: Payload Request : {}
 [LOG]  2019-02-12 18:05:12  [31m[31merror[31m[39m: [object Object]
 [LOG]  2019-02-12 18:06:25  [31m[31merror[31m[39m: Internal Server Error Found
 [LOG]  2019-02-12 18:06:25  [31m[31merror[31m[39m: Payload Request : {}
 [LOG]  2019-02-12 18:06:25  [31m[31merror[31m[39m: [object Object]
 [LOG]  2019-02-12 18:06:43  [31m[31merror[31m[39m: Internal Server Error Found
 [LOG]  2019-02-12 18:06:43  [31m[31merror[31m[39m: Payload Request : {}
 [LOG]  2019-02-12 18:06:43  [31m[31merror[31m[39m: [object Object]
 [LOG]  2019-02-12 18:06:56  [31m[31merror[31m[39m: Internal Server Error Found
 [LOG]  2019-02-12 18:06:56  [31m[31merror[31m[39m: Payload Request : {}
 [LOG]  2019-02-12 18:06:56  [31m[31merror[31m[39m: [object Object]
 [LOG]  2019-02-12 18:07:30  [31m[31merror[31m[39m: Internal Server Error Found
 [LOG]  2019-02-12 18:07:30  [31m[31merror[31m[39m: Payload Request : {}
 [LOG]  2019-02-12 18:07:30  [31m[31merror[31m[39m: [object Object]
 [LOG]  2019-02-12 18:17:24  [31m[31merror[31m[39m: Internal Server Error Found
 [LOG]  2019-02-12 18:17:24  [31m[31merror[31m[39m: Payload Request : {}
 [LOG]  2019-02-12 18:17:24  [31m[31merror[31m[39m: [object Object]
 [LOG]  2019-02-12 18:17:47  [31m[31merror[31m[39m: Internal Server Error Found
 [LOG]  2019-02-12 18:17:47  [31m[31merror[31m[39m: Payload Request : {}
 [LOG]  2019-02-12 18:17:47  [31m[31merror[31m[39m: [object Object]
 [LOG]  2019-02-12 18:19:19  [31m[31merror[31m[39m: Internal Server Error Found
 [LOG]  2019-02-12 18:19:19  [31m[31merror[31m[39m: Payload Request : {}
 [LOG]  2019-02-12 18:19:19  [31m[31merror[31m[39m: [object Object]
 [LOG]  2019-02-12 18:19:46  [31m[31merror[31m[39m: Internal Server Error Found
 [LOG]  2019-02-12 18:19:46  [31m[31merror[31m[39m: Payload Request : {}
 [LOG]  2019-02-12 18:19:46  [31m[31merror[31m[39m: [object Object]
 [LOG]  2019-02-12 18:28:39  [31m[31merror[31m[39m: Internal Server Error Found
 [LOG]  2019-02-12 18:28:39  [31m[31merror[31m[39m: Payload Request : {}
 [LOG]  2019-02-12 18:28:39  [31m[31merror[31m[39m: [object Object]
 [LOG]  2019-02-12 18:32:20  [31m[31merror[31m[39m: Internal Server Error Found
 [LOG]  2019-02-12 18:32:20  [31m[31merror[31m[39m: Payload Request : {}
 [LOG]  2019-02-12 18:32:20  [31m[31merror[31m[39m: [object Object]
 [LOG]  2019-02-12 19:12:10  [31m[31merror[31m[39m: Internal Server Error Found
 [LOG]  2019-02-12 19:12:10  [31m[31merror[31m[39m: Payload Request : {}
 [LOG]  2019-02-12 19:12:10  [31m[31merror[31m[39m: [object Object]
 [LOG]  2019-02-12 19:12:47  [31m[31merror[31m[39m: Internal Server Error Found
 [LOG]  2019-02-12 19:12:47  [31m[31merror[31m[39m: Payload Request : {}
 [LOG]  2019-02-12 19:12:47  [31m[31merror[31m[39m: [object Object]
 [LOG]  2019-02-13 01:19:07  [31m[31merror[31m[39m: Internal Server Error Found
 [LOG]  2019-02-13 01:19:07  [31m[31merror[31m[39m: Payload Request : {}
 [LOG]  2019-02-13 01:19:07  [31m[31merror[31m[39m: [object Object]
 [LOG]  2019-02-14 18:26:43  [31m[31merror[31m[39m: Request Not Found
 [LOG]  2019-02-14 18:26:43  [31m[31merror[31m[39m: Payload Request : {}
 [LOG]  2019-02-14 18:26:43  [31m[31merror[31m[39m: [object Object]
 [LOG]  2019-02-14 18:26:58  [31m[31merror[31m[39m: Request Not Found
 [LOG]  2019-02-14 18:26:58  [31m[31merror[31m[39m: Payload Request : {}
 [LOG]  2019-02-14 18:26:58  [31m[31merror[31m[39m: [object Object]
 [LOG]  2019-02-14 23:10:49  [31m[31merror[31m[39m: Internal Server Error Found
 [LOG]  2019-02-14 23:10:49  [31m[31merror[31m[39m: Payload Request : {}
 [LOG]  2019-02-14 23:10:49  [31m[31merror[31m[39m: [object Object]
 [LOG]  2019-02-14 23:12:20  [31m[31merror[31m[39m: Internal Server Error Found
 [LOG]  2019-02-14 23:12:20  [31m[31merror[31m[39m: Payload Request : {}
 [LOG]  2019-02-14 23:12:20  [31m[31merror[31m[39m: [object Object]
 [LOG]  2019-03-20 00:11:46  [31m[31merror[31m[39m: Request Not Found
 [LOG]  2019-03-20 00:11:46  [31m[31merror[31m[39m: Payload Request : {}
 [LOG]  2019-03-20 00:11:46  [31m[31merror[31m[39m: [object Object]
 [LOG]  2019-03-20 00:12:22  [31m[31merror[31m[39m: Request Not Found
 [LOG]  2019-03-20 00:12:22  [31m[31merror[31m[39m: Payload Request : {}
 [LOG]  2019-03-20 00:12:22  [31m[31merror[31m[39m: [object Object]
